Determining if the pthread_create exist failed with the following output:
Change Dir: /home/INTRANET/eduperre/myfiles/2017/cs116-2017-Eliane-Duperrex/Neuron/Part2/src/bin/CMakeFiles/CMakeTmp

Run Build Command:"/usr/bin/make" "cmTryCompileExec1226785051/fast"
/usr/bin/make -f CMakeFiles/cmTryCompileExec1226785051.dir/build.make CMakeFiles/cmTryCompileExec1226785051.dir/build
make[1]: Entering directory `/home/INTRANET/eduperre/myfiles/2017/cs116-2017-Eliane-Duperrex/Neuron/Part2/src/bin/CMakeFiles/CMakeTmp'
/usr/local/bin/cmake -E cmake_progress_report /home/INTRANET/eduperre/myfiles/2017/cs116-2017-Eliane-Duperrex/Neuron/Part2/src/bin/CMakeFiles/CMakeTmp/CMakeFiles 1
Building C object CMakeFiles/cmTryCompileExec1226785051.dir/CheckSymbolExists.c.o
/usr/bin/cc    -o CMakeFiles/cmTryCompileExec1226785051.dir/CheckSymbolExists.c.o   -c /home/INTRANET/eduperre/myfiles/2017/cs116-2017-Eliane-Duperrex/Neuron/Part2/src/bin/CMakeFiles/CMakeTmp/CheckSymbolExists.c
Linking C executable cmTryCompileExec1226785051
/usr/local/bin/cmake -E cmake_link_script CMakeFiles/cmTryCompileExec1226785051.dir/link.txt --verbose=1
/usr/bin/cc       CMakeFiles/cmTryCompileExec1226785051.dir/CheckSymbolExists.c.o  -o cmTryCompileExec1226785051 -rdynamic 
CMakeFiles/cmTryCompileExec1226785051.dir/CheckSymbolExists.c.o: In function `main':
CheckSymbolExists.c:(.text+0x16): undefined reference to `pthread_create'
collect2: error: ld returned 1 exit status
make[1]: Leaving directory `/home/INTRANET/eduperre/myfiles/2017/cs116-2017-Eliane-Duperrex/Neuron/Part2/src/bin/CMakeFiles/CMakeTmp'
make[1]: *** [cmTryCompileExec1226785051] Error 1
make: *** [cmTryCompileExec1226785051/fast] Error 2

File /home/INTRANET/eduperre/myfiles/2017/cs116-2017-Eliane-Duperrex/Neuron/Part2/src/bin/CMakeFiles/CMakeTmp/CheckSymbolExists.c:
/* */
#include <pthread.h>

int main(int argc, char** argv)
{
  (void)argv;
#ifndef pthread_create
  return ((int*)(&pthread_create))[argc];
#else
  (void)argc;
  return 0;
#endif
}

